0 info it worked if it ends with ok
1 verbose cli [ '/usr/local/Cellar/node/7.2.0/bin/node',
1 verbose cli   '/usr/local/bin/npm',
1 verbose cli   'run',
<<<<<<< HEAD
1 verbose cli   'build' ]
2 info using npm@3.10.9
3 info using node@v7.2.0
4 verbose run-script [ 'prebuild', 'build', 'postbuild' ]
5 info lifecycle skylocke.github.io@0.1.0~prebuild: skylocke.github.io@0.1.0
6 silly lifecycle skylocke.github.io@0.1.0~prebuild: no script for prebuild, continuing
7 info lifecycle skylocke.github.io@0.1.0~build: skylocke.github.io@0.1.0
8 verbose lifecycle skylocke.github.io@0.1.0~build: unsafe-perm in lifecycle true
9 verbose lifecycle skylocke.github.io@0.1.0~build: PATH: /usr/local/lib/node_modules/npm/bin/node-gyp-bin:/Users/rschen/Desktop/skylocke.github.io/node_modules/.bin:/usr/local/Cellar/node/7.2.0/bin:/usr/local/bin:/usr/bin:/bin:/usr/sbin:/sbin:/Applications/Postgres.app/Contents/Versions/9.6/bin
10 verbose lifecycle skylocke.github.io@0.1.0~build: CWD: /Users/rschen/Desktop/skylocke.github.io
11 silly lifecycle skylocke.github.io@0.1.0~build: Args: [ '-c', 'react-scripts build' ]
12 info lifecycle skylocke.github.io@0.1.0~build: Failed to exec build script
13 verbose stack Error: skylocke.github.io@0.1.0 build: `react-scripts build`
13 verbose stack spawn ENOENT
13 verbose stack     at ChildProcess.<anonymous> (/usr/local/lib/node_modules/npm/lib/utils/spawn.js:33:16)
13 verbose stack     at emitTwo (events.js:106:13)
13 verbose stack     at ChildProcess.emit (events.js:191:7)
13 verbose stack     at maybeClose (internal/child_process.js:885:16)
13 verbose stack     at Process.ChildProcess._handle.onexit (internal/child_process.js:226:5)
14 verbose pkgid skylocke.github.io@0.1.0
15 verbose cwd /Users/rschen/Desktop/skylocke.github.io
16 error Darwin 15.6.0
17 error argv "/usr/local/Cellar/node/7.2.0/bin/node" "/usr/local/bin/npm" "run" "build"
18 error node v7.2.0
19 error npm  v3.10.9
20 error file sh
21 error code ELIFECYCLE
22 error errno ENOENT
23 error syscall spawn
24 error skylocke.github.io@0.1.0 build: `react-scripts build`
24 error spawn ENOENT
25 error Failed at the skylocke.github.io@0.1.0 build script 'react-scripts build'.
25 error Make sure you have the latest version of node.js and npm installed.
25 error If you do, this is most likely a problem with the skylocke.github.io package,
25 error not with npm itself.
25 error Tell the author that this fails on your system:
25 error     react-scripts build
25 error You can get information on how to open an issue for this project with:
25 error     npm bugs skylocke.github.io
25 error Or if that isn't available, you can get their info via:
25 error     npm owner ls skylocke.github.io
25 error There is likely additional logging output above.
26 verbose exit [ 1, true ]
=======
1 verbose cli   'deploy' ]
2 info using npm@3.10.9
3 info using node@v7.2.0
4 verbose run-script [ 'predeploy', 'deploy', 'postdeploy' ]
5 info lifecycle skylocke.github.io@0.1.0~predeploy: skylocke.github.io@0.1.0
6 verbose lifecycle skylocke.github.io@0.1.0~predeploy: unsafe-perm in lifecycle true
7 verbose lifecycle skylocke.github.io@0.1.0~predeploy: PATH: /usr/local/lib/node_modules/npm/bin/node-gyp-bin:/Users/rschen/Desktop/skylocke.github.io/node_modules/.bin:/usr/local/Cellar/node/7.2.0/bin:/usr/local/bin:/usr/bin:/bin:/usr/sbin:/sbin:/Applications/Postgres.app/Contents/Versions/9.6/bin
8 verbose lifecycle skylocke.github.io@0.1.0~predeploy: CWD: /Users/rschen/Desktop/skylocke.github.io
9 silly lifecycle skylocke.github.io@0.1.0~predeploy: Args: [ '-c', 'npm run build' ]
10 silly lifecycle skylocke.github.io@0.1.0~predeploy: Returned: code: 0  signal: null
11 info lifecycle skylocke.github.io@0.1.0~deploy: skylocke.github.io@0.1.0
12 verbose lifecycle skylocke.github.io@0.1.0~deploy: unsafe-perm in lifecycle true
13 verbose lifecycle skylocke.github.io@0.1.0~deploy: PATH: /usr/local/lib/node_modules/npm/bin/node-gyp-bin:/Users/rschen/Desktop/skylocke.github.io/node_modules/.bin:/usr/local/Cellar/node/7.2.0/bin:/usr/local/bin:/usr/bin:/bin:/usr/sbin:/sbin:/Applications/Postgres.app/Contents/Versions/9.6/bin
14 verbose lifecycle skylocke.github.io@0.1.0~deploy: CWD: /Users/rschen/Desktop/skylocke.github.io
15 silly lifecycle skylocke.github.io@0.1.0~deploy: Args: [ '-c', 'gh-pages -d build -b master' ]
16 silly lifecycle skylocke.github.io@0.1.0~deploy: Returned: code: 1  signal: null
17 info lifecycle skylocke.github.io@0.1.0~deploy: Failed to exec deploy script
18 verbose stack Error: skylocke.github.io@0.1.0 deploy: `gh-pages -d build -b master`
18 verbose stack Exit status 1
18 verbose stack     at EventEmitter.<anonymous> (/usr/local/lib/node_modules/npm/lib/utils/lifecycle.js:255:16)
18 verbose stack     at emitTwo (events.js:106:13)
18 verbose stack     at EventEmitter.emit (events.js:191:7)
18 verbose stack     at ChildProcess.<anonymous> (/usr/local/lib/node_modules/npm/lib/utils/spawn.js:40:14)
18 verbose stack     at emitTwo (events.js:106:13)
18 verbose stack     at ChildProcess.emit (events.js:191:7)
18 verbose stack     at maybeClose (internal/child_process.js:885:16)
18 verbose stack     at Process.ChildProcess._handle.onexit (internal/child_process.js:226:5)
19 verbose pkgid skylocke.github.io@0.1.0
20 verbose cwd /Users/rschen/Desktop/skylocke.github.io
21 error Darwin 15.6.0
22 error argv "/usr/local/Cellar/node/7.2.0/bin/node" "/usr/local/bin/npm" "run" "deploy"
23 error node v7.2.0
24 error npm  v3.10.9
25 error code ELIFECYCLE
26 error skylocke.github.io@0.1.0 deploy: `gh-pages -d build -b master`
26 error Exit status 1
27 error Failed at the skylocke.github.io@0.1.0 deploy script 'gh-pages -d build -b master'.
27 error Make sure you have the latest version of node.js and npm installed.
27 error If you do, this is most likely a problem with the skylocke.github.io package,
27 error not with npm itself.
27 error Tell the author that this fails on your system:
27 error     gh-pages -d build -b master
27 error You can get information on how to open an issue for this project with:
27 error     npm bugs skylocke.github.io
27 error Or if that isn't available, you can get their info via:
27 error     npm owner ls skylocke.github.io
27 error There is likely additional logging output above.
28 verbose exit [ 1, true ]
>>>>>>> v.2
